Building DAG of jobs...
Using shell: /usr/bin/bash
Provided cluster nodes: 300
Job counts:
	count	jobs
	1	all
	7	profile
	8

[Thu Apr 23 21:42:56 2020]
rule profile:
    input: /scr1/users/leej39/Sagori_123/anvio_meta_temp/anvio_output/SRC.738409/contigs.db, /scr1/users/leej39/Sagori_123/anvio_meta_temp/anvio_output/SRC.738409/sorted.bam, /scr1/users/leej39/Sagori_123/anvio_meta_temp/anvio_output/SRC.738409/.DONEcentrifuge
    output: /scr1/users/leej39/Sagori_123/anvio_meta_temp/anvio_output/SRC.738409/sorted.bam-ANVIO_PROFILE/PROFILE.db
    jobid: 5
    wildcards: file=SRC.738409
    threads: 4


            anvi-profile -i /scr1/users/leej39/Sagori_123/anvio_meta_temp/anvio_output/SRC.738409/sorted.bam -c /scr1/users/leej39/Sagori_123/anvio_meta_temp/anvio_output/SRC.738409/contigs.db -T 4 -W
        
Submitted job 5 with external jobid 'removed environment variable LD_LIBRARY_PATH_modshare from submit environment - it is considered a security issue'.

[Thu Apr 23 21:42:57 2020]
rule profile:
    input: /scr1/users/leej39/Sagori_123/anvio_meta_temp/anvio_output/SRC.738335/contigs.db, /scr1/users/leej39/Sagori_123/anvio_meta_temp/anvio_output/SRC.738335/sorted.bam, /scr1/users/leej39/Sagori_123/anvio_meta_temp/anvio_output/SRC.738335/.DONEcentrifuge
    output: /scr1/users/leej39/Sagori_123/anvio_meta_temp/anvio_output/SRC.738335/sorted.bam-ANVIO_PROFILE/PROFILE.db
    jobid: 2
    wildcards: file=SRC.738335
    threads: 4


            anvi-profile -i /scr1/users/leej39/Sagori_123/anvio_meta_temp/anvio_output/SRC.738335/sorted.bam -c /scr1/users/leej39/Sagori_123/anvio_meta_temp/anvio_output/SRC.738335/contigs.db -T 4 -W
        
Submitted job 2 with external jobid 'removed environment variable LD_LIBRARY_PATH_modshare from submit environment - it is considered a security issue'.

[Thu Apr 23 21:42:57 2020]
rule profile:
    input: /scr1/users/leej39/Sagori_123/anvio_meta_temp/anvio_output/SRC.735689/contigs.db, /scr1/users/leej39/Sagori_123/anvio_meta_temp/anvio_output/SRC.735689/sorted.bam, /scr1/users/leej39/Sagori_123/anvio_meta_temp/anvio_output/SRC.735689/.DONEcentrifuge
    output: /scr1/users/leej39/Sagori_123/anvio_meta_temp/anvio_output/SRC.735689/sorted.bam-ANVIO_PROFILE/PROFILE.db
    jobid: 3
    wildcards: file=SRC.735689
    threads: 4


            anvi-profile -i /scr1/users/leej39/Sagori_123/anvio_meta_temp/anvio_output/SRC.735689/sorted.bam -c /scr1/users/leej39/Sagori_123/anvio_meta_temp/anvio_output/SRC.735689/contigs.db -T 4 -W
        
Submitted job 3 with external jobid 'removed environment variable LD_LIBRARY_PATH_modshare from submit environment - it is considered a security issue'.

[Thu Apr 23 21:42:57 2020]
rule profile:
    input: /scr1/users/leej39/Sagori_123/anvio_meta_temp/anvio_output/inf186Cat3T1n1/contigs.db, /scr1/users/leej39/Sagori_123/anvio_meta_temp/anvio_output/inf186Cat3T1n1/sorted.bam, /scr1/users/leej39/Sagori_123/anvio_meta_temp/anvio_output/inf186Cat3T1n1/.DONEcentrifuge
    output: /scr1/users/leej39/Sagori_123/anvio_meta_temp/anvio_output/inf186Cat3T1n1/sorted.bam-ANVIO_PROFILE/PROFILE.db
    jobid: 8
    wildcards: file=inf186Cat3T1n1
    threads: 4


            anvi-profile -i /scr1/users/leej39/Sagori_123/anvio_meta_temp/anvio_output/inf186Cat3T1n1/sorted.bam -c /scr1/users/leej39/Sagori_123/anvio_meta_temp/anvio_output/inf186Cat3T1n1/contigs.db -T 4 -W
        
Submitted job 8 with external jobid 'removed environment variable LD_LIBRARY_PATH_modshare from submit environment - it is considered a security issue'.

[Thu Apr 23 21:42:58 2020]
rule profile:
    input: /scr1/users/leej39/Sagori_123/anvio_meta_temp/anvio_output/inf163Cat3T1n1/contigs.db, /scr1/users/leej39/Sagori_123/anvio_meta_temp/anvio_output/inf163Cat3T1n1/sorted.bam, /scr1/users/leej39/Sagori_123/anvio_meta_temp/anvio_output/inf163Cat3T1n1/.DONEcentrifuge
    output: /scr1/users/leej39/Sagori_123/anvio_meta_temp/anvio_output/inf163Cat3T1n1/sorted.bam-ANVIO_PROFILE/PROFILE.db
    jobid: 7
    wildcards: file=inf163Cat3T1n1
    threads: 4


            anvi-profile -i /scr1/users/leej39/Sagori_123/anvio_meta_temp/anvio_output/inf163Cat3T1n1/sorted.bam -c /scr1/users/leej39/Sagori_123/anvio_meta_temp/anvio_output/inf163Cat3T1n1/contigs.db -T 4 -W
        
Submitted job 7 with external jobid 'removed environment variable LD_LIBRARY_PATH_modshare from submit environment - it is considered a security issue'.

[Thu Apr 23 21:42:58 2020]
rule profile:
    input: /scr1/users/leej39/Sagori_123/anvio_meta_temp/anvio_output/SRC.738319/contigs.db, /scr1/users/leej39/Sagori_123/anvio_meta_temp/anvio_output/SRC.738319/sorted.bam, /scr1/users/leej39/Sagori_123/anvio_meta_temp/anvio_output/SRC.738319/.DONEcentrifuge
    output: /scr1/users/leej39/Sagori_123/anvio_meta_temp/anvio_output/SRC.738319/sorted.bam-ANVIO_PROFILE/PROFILE.db
    jobid: 1
    wildcards: file=SRC.738319
    threads: 4


            anvi-profile -i /scr1/users/leej39/Sagori_123/anvio_meta_temp/anvio_output/SRC.738319/sorted.bam -c /scr1/users/leej39/Sagori_123/anvio_meta_temp/anvio_output/SRC.738319/contigs.db -T 4 -W
        
Submitted job 1 with external jobid 'removed environment variable LD_LIBRARY_PATH_modshare from submit environment - it is considered a security issue'.

[Thu Apr 23 21:42:58 2020]
rule profile:
    input: /scr1/users/leej39/Sagori_123/anvio_meta_temp/anvio_output/SRC.738561/contigs.db, /scr1/users/leej39/Sagori_123/anvio_meta_temp/anvio_output/SRC.738561/sorted.bam, /scr1/users/leej39/Sagori_123/anvio_meta_temp/anvio_output/SRC.738561/.DONEcentrifuge
    output: /scr1/users/leej39/Sagori_123/anvio_meta_temp/anvio_output/SRC.738561/sorted.bam-ANVIO_PROFILE/PROFILE.db
    jobid: 6
    wildcards: file=SRC.738561
    threads: 4


            anvi-profile -i /scr1/users/leej39/Sagori_123/anvio_meta_temp/anvio_output/SRC.738561/sorted.bam -c /scr1/users/leej39/Sagori_123/anvio_meta_temp/anvio_output/SRC.738561/contigs.db -T 4 -W
        
Submitted job 6 with external jobid 'removed environment variable LD_LIBRARY_PATH_modshare from submit environment - it is considered a security issue'.
[Thu Apr 23 21:43:36 2020]
Finished job 8.
1 of 8 steps (12%) done
[Thu Apr 23 21:43:46 2020]
Finished job 3.
2 of 8 steps (25%) done
[Thu Apr 23 21:43:46 2020]
Finished job 6.
3 of 8 steps (38%) done
[Thu Apr 23 21:44:37 2020]
Finished job 7.
4 of 8 steps (50%) done
[Thu Apr 23 21:45:17 2020]
Finished job 5.
5 of 8 steps (62%) done
[Thu Apr 23 21:47:27 2020]
Finished job 2.
6 of 8 steps (75%) done
[Thu Apr 23 21:47:37 2020]
Finished job 1.
7 of 8 steps (88%) done

[Thu Apr 23 21:47:37 2020]
localrule all:
    input: /scr1/users/leej39/Sagori_123/anvio_meta_temp/anvio_output/SRC.738162/sorted.bam-ANVIO_PROFILE/PROFILE.db, /scr1/users/leej39/Sagori_123/anvio_meta_temp/anvio_output/SRC.738409/sorted.bam-ANVIO_PROFILE/PROFILE.db, /scr1/users/leej39/Sagori_123/anvio_meta_temp/anvio_output/inf163Cat3T1n1/sorted.bam-ANVIO_PROFILE/PROFILE.db, /scr1/users/leej39/Sagori_123/anvio_meta_temp/anvio_output/SRC.738319/sorted.bam-ANVIO_PROFILE/PROFILE.db, /scr1/users/leej39/Sagori_123/anvio_meta_temp/anvio_output/SRC.738561/sorted.bam-ANVIO_PROFILE/PROFILE.db, /scr1/users/leej39/Sagori_123/anvio_meta_temp/anvio_output/inf186Cat3T1n1/sorted.bam-ANVIO_PROFILE/PROFILE.db, /scr1/users/leej39/Sagori_123/anvio_meta_temp/anvio_output/SRC.738335/sorted.bam-ANVIO_PROFILE/PROFILE.db, /scr1/users/leej39/Sagori_123/anvio_meta_temp/anvio_output/SRC.735689/sorted.bam-ANVIO_PROFILE/PROFILE.db
    jobid: 0

[Thu Apr 23 21:47:37 2020]
Finished job 0.
8 of 8 steps (100%) done
Complete log: /home/leej39/anvio_meta/.snakemake/log/2020-04-23T214256.185695.snakemake.log
