Building DAG of jobs...
Using shell: /usr/bin/bash
Provided cluster nodes: 300
Job counts:
	count	jobs
	1	all
	8	centrifuge
	9

[Thu Apr 23 01:07:28 2020]
rule centrifuge:
    input: /scr1/users/leej39/Sagori_123/anvio_meta_temp/anvio_output/SRC.738409-contigs/gene-calls.fa
    output: /scr1/users/leej39/Sagori_123/anvio_meta_temp/anvio_output/SRC.738409-contigs/centrifuge_hits.tsv
    jobid: 3
    wildcards: file=SRC.738409-contigs
    threads: 8


            centrifuge -f -x /mnt/isilon/microbiome/analysis/biodata/centrifuge/p+h+v/p+h+v /scr1/users/leej39/Sagori_123/anvio_meta_temp/anvio_output/SRC.738409-contigs/gene-calls.fa -S /scr1/users/leej39/Sagori_123/anvio_meta_temp/anvio_output/SRC.738409-contigs/centrifuge_hits.tsv -p 8
        
Submitted job 3 with external jobid 'removed environment variable LD_LIBRARY_PATH_modshare from submit environment - it is considered a security issue'.

[Thu Apr 23 01:07:29 2020]
rule centrifuge:
    input: /scr1/users/leej39/Sagori_123/anvio_meta_temp/anvio_output/inf186Cat3T1n1-contigs/gene-calls.fa
    output: /scr1/users/leej39/Sagori_123/anvio_meta_temp/anvio_output/inf186Cat3T1n1-contigs/centrifuge_hits.tsv
    jobid: 4
    wildcards: file=inf186Cat3T1n1-contigs
    threads: 8


            centrifuge -f -x /mnt/isilon/microbiome/analysis/biodata/centrifuge/p+h+v/p+h+v /scr1/users/leej39/Sagori_123/anvio_meta_temp/anvio_output/inf186Cat3T1n1-contigs/gene-calls.fa -S /scr1/users/leej39/Sagori_123/anvio_meta_temp/anvio_output/inf186Cat3T1n1-contigs/centrifuge_hits.tsv -p 8
        
Submitted job 4 with external jobid 'removed environment variable LD_LIBRARY_PATH_modshare from submit environment - it is considered a security issue'.

[Thu Apr 23 01:07:30 2020]
rule centrifuge:
    input: /scr1/users/leej39/Sagori_123/anvio_meta_temp/anvio_output/SRC.738162-contigs/gene-calls.fa
    output: /scr1/users/leej39/Sagori_123/anvio_meta_temp/anvio_output/SRC.738162-contigs/centrifuge_hits.tsv
    jobid: 6
    wildcards: file=SRC.738162-contigs
    threads: 8


            centrifuge -f -x /mnt/isilon/microbiome/analysis/biodata/centrifuge/p+h+v/p+h+v /scr1/users/leej39/Sagori_123/anvio_meta_temp/anvio_output/SRC.738162-contigs/gene-calls.fa -S /scr1/users/leej39/Sagori_123/anvio_meta_temp/anvio_output/SRC.738162-contigs/centrifuge_hits.tsv -p 8
        
Submitted job 6 with external jobid 'removed environment variable LD_LIBRARY_PATH_modshare from submit environment - it is considered a security issue'.

[Thu Apr 23 01:07:30 2020]
rule centrifuge:
    input: /scr1/users/leej39/Sagori_123/anvio_meta_temp/anvio_output/SRC.738561-contigs/gene-calls.fa
    output: /scr1/users/leej39/Sagori_123/anvio_meta_temp/anvio_output/SRC.738561-contigs/centrifuge_hits.tsv
    jobid: 2
    wildcards: file=SRC.738561-contigs
    threads: 8


            centrifuge -f -x /mnt/isilon/microbiome/analysis/biodata/centrifuge/p+h+v/p+h+v /scr1/users/leej39/Sagori_123/anvio_meta_temp/anvio_output/SRC.738561-contigs/gene-calls.fa -S /scr1/users/leej39/Sagori_123/anvio_meta_temp/anvio_output/SRC.738561-contigs/centrifuge_hits.tsv -p 8
        
Submitted job 2 with external jobid 'removed environment variable LD_LIBRARY_PATH_modshare from submit environment - it is considered a security issue'.

[Thu Apr 23 01:07:30 2020]
rule centrifuge:
    input: /scr1/users/leej39/Sagori_123/anvio_meta_temp/anvio_output/SRC.735689-contigs/gene-calls.fa
    output: /scr1/users/leej39/Sagori_123/anvio_meta_temp/anvio_output/SRC.735689-contigs/centrifuge_hits.tsv
    jobid: 1
    wildcards: file=SRC.735689-contigs
    threads: 8


            centrifuge -f -x /mnt/isilon/microbiome/analysis/biodata/centrifuge/p+h+v/p+h+v /scr1/users/leej39/Sagori_123/anvio_meta_temp/anvio_output/SRC.735689-contigs/gene-calls.fa -S /scr1/users/leej39/Sagori_123/anvio_meta_temp/anvio_output/SRC.735689-contigs/centrifuge_hits.tsv -p 8
        
Submitted job 1 with external jobid 'removed environment variable LD_LIBRARY_PATH_modshare from submit environment - it is considered a security issue'.

[Thu Apr 23 01:07:31 2020]
rule centrifuge:
    input: /scr1/users/leej39/Sagori_123/anvio_meta_temp/anvio_output/inf163Cat3T1n1-contigs/gene-calls.fa
    output: /scr1/users/leej39/Sagori_123/anvio_meta_temp/anvio_output/inf163Cat3T1n1-contigs/centrifuge_hits.tsv
    jobid: 8
    wildcards: file=inf163Cat3T1n1-contigs
    threads: 8


            centrifuge -f -x /mnt/isilon/microbiome/analysis/biodata/centrifuge/p+h+v/p+h+v /scr1/users/leej39/Sagori_123/anvio_meta_temp/anvio_output/inf163Cat3T1n1-contigs/gene-calls.fa -S /scr1/users/leej39/Sagori_123/anvio_meta_temp/anvio_output/inf163Cat3T1n1-contigs/centrifuge_hits.tsv -p 8
        
Submitted job 8 with external jobid 'removed environment variable LD_LIBRARY_PATH_modshare from submit environment - it is considered a security issue'.

[Thu Apr 23 01:07:32 2020]
rule centrifuge:
    input: /scr1/users/leej39/Sagori_123/anvio_meta_temp/anvio_output/SRC.738335-contigs/gene-calls.fa
    output: /scr1/users/leej39/Sagori_123/anvio_meta_temp/anvio_output/SRC.738335-contigs/centrifuge_hits.tsv
    jobid: 5
    wildcards: file=SRC.738335-contigs
    threads: 8


            centrifuge -f -x /mnt/isilon/microbiome/analysis/biodata/centrifuge/p+h+v/p+h+v /scr1/users/leej39/Sagori_123/anvio_meta_temp/anvio_output/SRC.738335-contigs/gene-calls.fa -S /scr1/users/leej39/Sagori_123/anvio_meta_temp/anvio_output/SRC.738335-contigs/centrifuge_hits.tsv -p 8
        
Submitted job 5 with external jobid 'removed environment variable LD_LIBRARY_PATH_modshare from submit environment - it is considered a security issue'.

[Thu Apr 23 01:07:32 2020]
rule centrifuge:
    input: /scr1/users/leej39/Sagori_123/anvio_meta_temp/anvio_output/SRC.738319-contigs/gene-calls.fa
    output: /scr1/users/leej39/Sagori_123/anvio_meta_temp/anvio_output/SRC.738319-contigs/centrifuge_hits.tsv
    jobid: 7
    wildcards: file=SRC.738319-contigs
    threads: 8


            centrifuge -f -x /mnt/isilon/microbiome/analysis/biodata/centrifuge/p+h+v/p+h+v /scr1/users/leej39/Sagori_123/anvio_meta_temp/anvio_output/SRC.738319-contigs/gene-calls.fa -S /scr1/users/leej39/Sagori_123/anvio_meta_temp/anvio_output/SRC.738319-contigs/centrifuge_hits.tsv -p 8
        
Submitted job 7 with external jobid 'removed environment variable LD_LIBRARY_PATH_modshare from submit environment - it is considered a security issue'.
[Thu Apr 23 01:09:09 2020]
Finished job 3.
1 of 9 steps (11%) done
[Thu Apr 23 01:09:09 2020]
Finished job 4.
2 of 9 steps (22%) done
[Thu Apr 23 01:09:09 2020]
Finished job 6.
3 of 9 steps (33%) done
[Thu Apr 23 01:10:19 2020]
Finished job 2.
4 of 9 steps (44%) done
[Thu Apr 23 01:10:19 2020]
Finished job 1.
5 of 9 steps (56%) done
[Thu Apr 23 01:11:00 2020]
Finished job 8.
6 of 9 steps (67%) done
[Thu Apr 23 01:11:10 2020]
Finished job 5.
7 of 9 steps (78%) done
[Thu Apr 23 01:12:20 2020]
Finished job 7.
8 of 9 steps (89%) done

[Thu Apr 23 01:12:20 2020]
localrule all:
    input: /scr1/users/leej39/Sagori_123/anvio_meta_temp/anvio_output/SRC.738162-contigs/centrifuge_hits.tsv, /scr1/users/leej39/Sagori_123/anvio_meta_temp/anvio_output/SRC.738409-contigs/centrifuge_hits.tsv, /scr1/users/leej39/Sagori_123/anvio_meta_temp/anvio_output/inf163Cat3T1n1-contigs/centrifuge_hits.tsv, /scr1/users/leej39/Sagori_123/anvio_meta_temp/anvio_output/SRC.738319-contigs/centrifuge_hits.tsv, /scr1/users/leej39/Sagori_123/anvio_meta_temp/anvio_output/SRC.738561-contigs/centrifuge_hits.tsv, /scr1/users/leej39/Sagori_123/anvio_meta_temp/anvio_output/inf186Cat3T1n1-contigs/centrifuge_hits.tsv, /scr1/users/leej39/Sagori_123/anvio_meta_temp/anvio_output/SRC.738335-contigs/centrifuge_hits.tsv, /scr1/users/leej39/Sagori_123/anvio_meta_temp/anvio_output/SRC.735689-contigs/centrifuge_hits.tsv
    jobid: 0

[Thu Apr 23 01:12:20 2020]
Finished job 0.
9 of 9 steps (100%) done
Complete log: /home/leej39/anvio_meta/.snakemake/log/2020-04-23T010728.589150.snakemake.log
