Building DAG of jobs...
Using shell: /usr/bin/bash
Provided cluster nodes: 300
Job counts:
	count	jobs
	1	all
	8	get_seq_for_gene_calls
	9

[Thu Apr 23 00:48:30 2020]
rule get_seq_for_gene_calls:
    input: /scr1/users/leej39/Sagori_123/anvio_meta_temp/anvio_output/SRC.738162-contigs/contigs.db, /scr1/users/leej39/Sagori_123/anvio_meta_temp/anvio_output/SRC.738162-contigs/.DONEncbi_cog
    output: /scr1/users/leej39/Sagori_123/anvio_meta_temp/anvio_output/SRC.738162-contigs/gene-calls.fa
    jobid: 1
    wildcards: file=SRC.738162-contigs


            anvi-get-sequences-for-gene-calls                 -c /scr1/users/leej39/Sagori_123/anvio_meta_temp/anvio_output/SRC.738162-contigs/contigs.db -o /scr1/users/leej39/Sagori_123/anvio_meta_temp/anvio_output/SRC.738162-contigs/gene-calls.fa
        
Submitted job 1 with external jobid 'removed environment variable LD_LIBRARY_PATH_modshare from submit environment - it is considered a security issue'.

[Thu Apr 23 00:48:31 2020]
rule get_seq_for_gene_calls:
    input: /scr1/users/leej39/Sagori_123/anvio_meta_temp/anvio_output/SRC.738561-contigs/contigs.db, /scr1/users/leej39/Sagori_123/anvio_meta_temp/anvio_output/SRC.738561-contigs/.DONEncbi_cog
    output: /scr1/users/leej39/Sagori_123/anvio_meta_temp/anvio_output/SRC.738561-contigs/gene-calls.fa
    jobid: 5
    wildcards: file=SRC.738561-contigs


            anvi-get-sequences-for-gene-calls                 -c /scr1/users/leej39/Sagori_123/anvio_meta_temp/anvio_output/SRC.738561-contigs/contigs.db -o /scr1/users/leej39/Sagori_123/anvio_meta_temp/anvio_output/SRC.738561-contigs/gene-calls.fa
        
Submitted job 5 with external jobid 'removed environment variable LD_LIBRARY_PATH_modshare from submit environment - it is considered a security issue'.

[Thu Apr 23 00:48:31 2020]
rule get_seq_for_gene_calls:
    input: /scr1/users/leej39/Sagori_123/anvio_meta_temp/anvio_output/inf163Cat3T1n1-contigs/contigs.db, /scr1/users/leej39/Sagori_123/anvio_meta_temp/anvio_output/inf163Cat3T1n1-contigs/.DONEncbi_cog
    output: /scr1/users/leej39/Sagori_123/anvio_meta_temp/anvio_output/inf163Cat3T1n1-contigs/gene-calls.fa
    jobid: 6
    wildcards: file=inf163Cat3T1n1-contigs


            anvi-get-sequences-for-gene-calls                 -c /scr1/users/leej39/Sagori_123/anvio_meta_temp/anvio_output/inf163Cat3T1n1-contigs/contigs.db -o /scr1/users/leej39/Sagori_123/anvio_meta_temp/anvio_output/inf163Cat3T1n1-contigs/gene-calls.fa
        
Submitted job 6 with external jobid 'removed environment variable LD_LIBRARY_PATH_modshare from submit environment - it is considered a security issue'.

[Thu Apr 23 00:48:32 2020]
rule get_seq_for_gene_calls:
    input: /scr1/users/leej39/Sagori_123/anvio_meta_temp/anvio_output/SRC.738319-contigs/contigs.db, /scr1/users/leej39/Sagori_123/anvio_meta_temp/anvio_output/SRC.738319-contigs/.DONEncbi_cog
    output: /scr1/users/leej39/Sagori_123/anvio_meta_temp/anvio_output/SRC.738319-contigs/gene-calls.fa
    jobid: 8
    wildcards: file=SRC.738319-contigs


            anvi-get-sequences-for-gene-calls                 -c /scr1/users/leej39/Sagori_123/anvio_meta_temp/anvio_output/SRC.738319-contigs/contigs.db -o /scr1/users/leej39/Sagori_123/anvio_meta_temp/anvio_output/SRC.738319-contigs/gene-calls.fa
        
Submitted job 8 with external jobid 'removed environment variable LD_LIBRARY_PATH_modshare from submit environment - it is considered a security issue'.

[Thu Apr 23 00:48:33 2020]
rule get_seq_for_gene_calls:
    input: /scr1/users/leej39/Sagori_123/anvio_meta_temp/anvio_output/SRC.738409-contigs/contigs.db, /scr1/users/leej39/Sagori_123/anvio_meta_temp/anvio_output/SRC.738409-contigs/.DONEncbi_cog
    output: /scr1/users/leej39/Sagori_123/anvio_meta_temp/anvio_output/SRC.738409-contigs/gene-calls.fa
    jobid: 2
    wildcards: file=SRC.738409-contigs


            anvi-get-sequences-for-gene-calls                 -c /scr1/users/leej39/Sagori_123/anvio_meta_temp/anvio_output/SRC.738409-contigs/contigs.db -o /scr1/users/leej39/Sagori_123/anvio_meta_temp/anvio_output/SRC.738409-contigs/gene-calls.fa
        
Submitted job 2 with external jobid 'removed environment variable LD_LIBRARY_PATH_modshare from submit environment - it is considered a security issue'.

[Thu Apr 23 00:48:33 2020]
rule get_seq_for_gene_calls:
    input: /scr1/users/leej39/Sagori_123/anvio_meta_temp/anvio_output/SRC.738335-contigs/contigs.db, /scr1/users/leej39/Sagori_123/anvio_meta_temp/anvio_output/SRC.738335-contigs/.DONEncbi_cog
    output: /scr1/users/leej39/Sagori_123/anvio_meta_temp/anvio_output/SRC.738335-contigs/gene-calls.fa
    jobid: 3
    wildcards: file=SRC.738335-contigs


            anvi-get-sequences-for-gene-calls                 -c /scr1/users/leej39/Sagori_123/anvio_meta_temp/anvio_output/SRC.738335-contigs/contigs.db -o /scr1/users/leej39/Sagori_123/anvio_meta_temp/anvio_output/SRC.738335-contigs/gene-calls.fa
        
Submitted job 3 with external jobid 'removed environment variable LD_LIBRARY_PATH_modshare from submit environment - it is considered a security issue'.

[Thu Apr 23 00:48:33 2020]
rule get_seq_for_gene_calls:
    input: /scr1/users/leej39/Sagori_123/anvio_meta_temp/anvio_output/SRC.735689-contigs/contigs.db, /scr1/users/leej39/Sagori_123/anvio_meta_temp/anvio_output/SRC.735689-contigs/.DONEncbi_cog
    output: /scr1/users/leej39/Sagori_123/anvio_meta_temp/anvio_output/SRC.735689-contigs/gene-calls.fa
    jobid: 4
    wildcards: file=SRC.735689-contigs


            anvi-get-sequences-for-gene-calls                 -c /scr1/users/leej39/Sagori_123/anvio_meta_temp/anvio_output/SRC.735689-contigs/contigs.db -o /scr1/users/leej39/Sagori_123/anvio_meta_temp/anvio_output/SRC.735689-contigs/gene-calls.fa
        
Submitted job 4 with external jobid 'removed environment variable LD_LIBRARY_PATH_modshare from submit environment - it is considered a security issue'.

[Thu Apr 23 00:48:34 2020]
rule get_seq_for_gene_calls:
    input: /scr1/users/leej39/Sagori_123/anvio_meta_temp/anvio_output/inf186Cat3T1n1-contigs/contigs.db, /scr1/users/leej39/Sagori_123/anvio_meta_temp/anvio_output/inf186Cat3T1n1-contigs/.DONEncbi_cog
    output: /scr1/users/leej39/Sagori_123/anvio_meta_temp/anvio_output/inf186Cat3T1n1-contigs/gene-calls.fa
    jobid: 7
    wildcards: file=inf186Cat3T1n1-contigs


            anvi-get-sequences-for-gene-calls                 -c /scr1/users/leej39/Sagori_123/anvio_meta_temp/anvio_output/inf186Cat3T1n1-contigs/contigs.db -o /scr1/users/leej39/Sagori_123/anvio_meta_temp/anvio_output/inf186Cat3T1n1-contigs/gene-calls.fa
        
Submitted job 7 with external jobid 'removed environment variable LD_LIBRARY_PATH_modshare from submit environment - it is considered a security issue'.
Waiting at most 180 seconds for missing files.
[Thu Apr 23 00:49:24 2020]
Finished job 1.
1 of 9 steps (11%) done
[Thu Apr 23 00:49:24 2020]
Finished job 5.
2 of 9 steps (22%) done
[Thu Apr 23 00:49:24 2020]
Finished job 6.
3 of 9 steps (33%) done
[Thu Apr 23 00:49:24 2020]
Finished job 8.
4 of 9 steps (44%) done
[Thu Apr 23 00:49:24 2020]
Finished job 2.
5 of 9 steps (56%) done
[Thu Apr 23 00:49:24 2020]
Finished job 3.
6 of 9 steps (67%) done
[Thu Apr 23 00:49:24 2020]
Finished job 4.
7 of 9 steps (78%) done
[Thu Apr 23 00:49:24 2020]
Finished job 7.
8 of 9 steps (89%) done

[Thu Apr 23 00:49:24 2020]
localrule all:
    input: /scr1/users/leej39/Sagori_123/anvio_meta_temp/anvio_output/SRC.738162-contigs/gene-calls.fa, /scr1/users/leej39/Sagori_123/anvio_meta_temp/anvio_output/SRC.738409-contigs/gene-calls.fa, /scr1/users/leej39/Sagori_123/anvio_meta_temp/anvio_output/inf163Cat3T1n1-contigs/gene-calls.fa, /scr1/users/leej39/Sagori_123/anvio_meta_temp/anvio_output/SRC.738319-contigs/gene-calls.fa, /scr1/users/leej39/Sagori_123/anvio_meta_temp/anvio_output/SRC.738561-contigs/gene-calls.fa, /scr1/users/leej39/Sagori_123/anvio_meta_temp/anvio_output/inf186Cat3T1n1-contigs/gene-calls.fa, /scr1/users/leej39/Sagori_123/anvio_meta_temp/anvio_output/SRC.738335-contigs/gene-calls.fa, /scr1/users/leej39/Sagori_123/anvio_meta_temp/anvio_output/SRC.735689-contigs/gene-calls.fa
    jobid: 0

[Thu Apr 23 00:49:24 2020]
Finished job 0.
9 of 9 steps (100%) done
Complete log: /home/leej39/anvio_meta/.snakemake/log/2020-04-23T004830.410483.snakemake.log
